<?xml version="1.0" encoding="UTF-8"?>
<!-- Generated by org.testng.reporters.JUnitReportReporter -->
<testsuite hostname="sharanabasappa" failures="0" tests="8" name="cucumberOptions_BasicTest.TestNgRunner" time="0.200" errors="0" timestamp="2025-08-27T17:00:20 IST" skipped="0">
  <testcase classname="cucumberOptions_BasicTest.TestNgRunner" name="runScenario" time="0.004"/>
  <testcase classname="cucumberOptions_BasicTest.TestNgRunner" name="runScenario" time="0.006"/>
  <testcase classname="cucumberOptions_BasicTest.TestNgRunner" name="runScenario" time="0.009"/>
  <testcase classname="cucumberOptions_BasicTest.TestNgRunner" name="runScenario" time="0.005"/>
  <testcase classname="cucumberOptions_BasicTest.TestNgRunner" name="runScenario" time="0.013"/>
  <testcase classname="cucumberOptions_BasicTest.TestNgRunner" name="runScenario" time="0.141"/>
  <testcase classname="cucumberOptions_BasicTest.TestNgRunner" name="runScenario" time="0.015"/>
  <testcase classname="cucumberOptions_BasicTest.TestNgRunner" name="runScenario" time="0.007"/>
</testsuite> <!-- cucumberOptions_BasicTest.TestNgRunner -->
