<?xml version="1.0" encoding="UTF-8"?>
<!-- Generated by org.testng.reporters.JUnitReportReporter -->
<testsuite hostname="sharanabasappa" failures="0" tests="3" name="cucumberOptions.Ecom_Failed_TestNgRunner" time="0.663" errors="3" timestamp="2025-08-27T23:02:13 IST" skipped="0">
  <testcase classname="cucumberOptions.Ecom_Failed_TestNgRunner" name="runScenario" time="0.156">
    <error message="The step &#039;User is on GreenCart Landing page&#039; and 3 other step(s) are undefined.
You can implement these steps using the snippet(s) below:

@Given(&quot;User is on GreenCart Landing page&quot;)
public void user_is_on_green_cart_landing_page() {
    // Write code here that turns the phrase above into concrete actions
    throw new io.cucumber.java.PendingException();
}
@When(&quot;User serarched with Pot and extracted actual name of product&quot;)
public void user_serarched_with_pot_and_extracted_actual_name_of_product() {
    // Write code here that turns the phrase above into concrete actions
    throw new io.cucumber.java.PendingException();
}
@Then(&quot;User searched for Pot shortname in offers page&quot;)
public void user_searched_for_pot_shortname_in_offers_page() {
    // Write code here that turns the phrase above into concrete actions
    throw new io.cucumber.java.PendingException();
}
@Then(&quot;Validate product name in offers page matches with landing page&quot;)
public void validate_product_name_in_offers_page_matches_with_landing_page() {
    // Write code here that turns the phrase above into concrete actions
    throw new io.cucumber.java.PendingException();
}
" type="io.cucumber.testng.UndefinedStepException">
      <![CDATA[io.cucumber.testng.UndefinedStepException: The step 'User is on GreenCart Landing page' and 3 other step(s) are undefined.
You can implement these steps using the snippet(s) below:

@Given("User is on GreenCart Landing page")
public void user_is_on_green_cart_landing_page() {
    // Write code here that turns the phrase above into concrete actions
    throw new io.cucumber.java.PendingException();
}
@When("User serarched with Pot and extracted actual name of product")
public void user_serarched_with_pot_and_extracted_actual_name_of_product() {
    // Write code here that turns the phrase above into concrete actions
    throw new io.cucumber.java.PendingException();
}
@Then("User searched for Pot shortname in offers page")
public void user_searched_for_pot_shortname_in_offers_page() {
    // Write code here that turns the phrase above into concrete actions
    throw new io.cucumber.java.PendingException();
}
@Then("Validate product name in offers page matches with landing page")
public void validate_product_name_in_offers_page_matches_with_landing_page() {
    // Write code here that turns the phrase above into concrete actions
    throw new io.cucumber.java.PendingException();
}

at ✽.User is on GreenCart Landing page(file:///F:/Sharan_Automation/Selenium_Cucumber/src/main/java/ecom_Rsa_FetureFile/searchProduct.feature:5)
]]>
    </error>
  </testcase> <!-- runScenario -->
  <testcase classname="cucumberOptions.Ecom_Failed_TestNgRunner" name="runScenario" time="0.153">
    <error message="The step &#039;User is on GreenCart Landing page&#039; and 3 other step(s) are undefined.
You can implement these steps using the snippet(s) below:

@Given(&quot;User is on GreenCart Landing page&quot;)
public void user_is_on_green_cart_landing_page() {
    // Write code here that turns the phrase above into concrete actions
    throw new io.cucumber.java.PendingException();
}
@When(&quot;User serarched with Tom and extracted actual name of product&quot;)
public void user_serarched_with_tom_and_extracted_actual_name_of_product() {
    // Write code here that turns the phrase above into concrete actions
    throw new io.cucumber.java.PendingException();
}
@Then(&quot;User searched for Tom shortname in offers page&quot;)
public void user_searched_for_tom_shortname_in_offers_page() {
    // Write code here that turns the phrase above into concrete actions
    throw new io.cucumber.java.PendingException();
}
@Then(&quot;Validate product name in offers page matches with landing page&quot;)
public void validate_product_name_in_offers_page_matches_with_landing_page() {
    // Write code here that turns the phrase above into concrete actions
    throw new io.cucumber.java.PendingException();
}
" type="io.cucumber.testng.UndefinedStepException">
      <![CDATA[io.cucumber.testng.UndefinedStepException: The step 'User is on GreenCart Landing page' and 3 other step(s) are undefined.
You can implement these steps using the snippet(s) below:

@Given("User is on GreenCart Landing page")
public void user_is_on_green_cart_landing_page() {
    // Write code here that turns the phrase above into concrete actions
    throw new io.cucumber.java.PendingException();
}
@When("User serarched with Tom and extracted actual name of product")
public void user_serarched_with_tom_and_extracted_actual_name_of_product() {
    // Write code here that turns the phrase above into concrete actions
    throw new io.cucumber.java.PendingException();
}
@Then("User searched for Tom shortname in offers page")
public void user_searched_for_tom_shortname_in_offers_page() {
    // Write code here that turns the phrase above into concrete actions
    throw new io.cucumber.java.PendingException();
}
@Then("Validate product name in offers page matches with landing page")
public void validate_product_name_in_offers_page_matches_with_landing_page() {
    // Write code here that turns the phrase above into concrete actions
    throw new io.cucumber.java.PendingException();
}

at ✽.User is on GreenCart Landing page(file:///F:/Sharan_Automation/Selenium_Cucumber/src/main/java/ecom_Rsa_FetureFile/searchProduct.feature:5)
]]>
    </error>
  </testcase> <!-- runScenario -->
  <testcase classname="cucumberOptions.Ecom_Failed_TestNgRunner" name="runScenario" time="0.354">
    <error message="The step &#039;User is on GreenCart Landing page&#039; and 4 other step(s) are undefined.
You can implement these steps using the snippet(s) below:

@Given(&quot;User is on GreenCart Landing page&quot;)
public void user_is_on_green_cart_landing_page() {
    // Write code here that turns the phrase above into concrete actions
    throw new io.cucumber.java.PendingException();
}
@When(&quot;User serarched with Tom and extracted actual name of product&quot;)
public void user_serarched_with_tom_and_extracted_actual_name_of_product() {
    // Write code here that turns the phrase above into concrete actions
    throw new io.cucumber.java.PendingException();
}
@When(&quot;Added {string} items of the selected product to cart&quot;)
public void added_items_of_the_selected_product_to_cart(String string) {
    // Write code here that turns the phrase above into concrete actions
    throw new io.cucumber.java.PendingException();
}
@Then(&quot;User proceeds to checkout and validate the Tom items in checkout page&quot;)
public void user_proceeds_to_checkout_and_validate_the_tom_items_in_checkout_page() {
    // Write code here that turns the phrase above into concrete actions
    throw new io.cucumber.java.PendingException();
}
@Then(&quot;verify user has ability to enter promo code and place the order&quot;)
public void verify_user_has_ability_to_enter_promo_code_and_place_the_order() {
    // Write code here that turns the phrase above into concrete actions
    throw new io.cucumber.java.PendingException();
}
" type="io.cucumber.testng.UndefinedStepException">
      <![CDATA[io.cucumber.testng.UndefinedStepException: The step 'User is on GreenCart Landing page' and 4 other step(s) are undefined.
You can implement these steps using the snippet(s) below:

@Given("User is on GreenCart Landing page")
public void user_is_on_green_cart_landing_page() {
    // Write code here that turns the phrase above into concrete actions
    throw new io.cucumber.java.PendingException();
}
@When("User serarched with Tom and extracted actual name of product")
public void user_serarched_with_tom_and_extracted_actual_name_of_product() {
    // Write code here that turns the phrase above into concrete actions
    throw new io.cucumber.java.PendingException();
}
@When("Added {string} items of the selected product to cart")
public void added_items_of_the_selected_product_to_cart(String string) {
    // Write code here that turns the phrase above into concrete actions
    throw new io.cucumber.java.PendingException();
}
@Then("User proceeds to checkout and validate the Tom items in checkout page")
public void user_proceeds_to_checkout_and_validate_the_tom_items_in_checkout_page() {
    // Write code here that turns the phrase above into concrete actions
    throw new io.cucumber.java.PendingException();
}
@Then("verify user has ability to enter promo code and place the order")
public void verify_user_has_ability_to_enter_promo_code_and_place_the_order() {
    // Write code here that turns the phrase above into concrete actions
    throw new io.cucumber.java.PendingException();
}

at ✽.User is on GreenCart Landing page(file:///F:/Sharan_Automation/Selenium_Cucumber/src/main/java/ecom_Rsa_FetureFile/Checkout.feature:5)
]]>
    </error>
  </testcase> <!-- runScenario -->
</testsuite> <!-- cucumberOptions.Ecom_Failed_TestNgRunner -->
